Arguments: 
  C:\Program Files\nodejs\node.exe C:\Users\bosto\AppData\Roaming\npm\node_modules\yarn\bin\yarn.js add @prisma/client --dev

PATH: 
  C:\Program Files\Oculus\Support\oculus-runtime;C:\Users\bosto\AppData\Local\Programs\Python\Python310\Scripts\;C:\Users\bosto\AppData\Local\Programs\Python\Python310\;C:\Program Files (x86)\Common Files\Oracle\Java\javapath;C:\Program Files\Broadcom\Broadcom 802.11 Network Adapter;C:\Python39;C:\Python39\Scripts;C:\Windows\system32;C:\Windows;C:\Windows\System32\Wbem;C:\Windows\System32\WindowsPowerShell\v1.0\;C:\Windows\System32\OpenSSH\;C:\Program Files\NVIDIA Corporation\NVIDIA NvDLISR;C:\Program Files (x86)\NVIDIA Corporation\PhysX\Common;C:\ProgramData\chocolatey\bin;C:\Program Files\Microsoft SQL Server\120\Tools\Binn\;C:\Program Files\Git LFS;C:\Program Files\PostgreSQL\11\bin;C:\Program Files\PowerShell\7\;C:\Python26;C:\Python26\Scripts;C:\aria2c;E:\AIART\pinterest_scraper;C:\adb;C:\Program Files\Git\cmd;C:\Program Files\Docker\Docker\resources\bin;C:\ProgramData\DockerDesktop\version-bin;C:\Program Files\nodejs\;C:\Program Files\dotnet\;C:\Program Files (x86)\HP\Common\HPDestPlgIn\;C:\Program Files\TortoiseSVN\bin;C:\Users\bosto\Desktop\bB;C:\Users\bosto\AppData\Local\Temp\Rar$DIa11896.5603;C:\Users\bosto\Desktop\FirstAtariGame;C:\Users\bosto\AppData\Local\Microsoft\WindowsApps;C:\Program Files\JetBrains\WebStorm 2021.2\bin;C:\Users\bosto\AppData\Local\Programs\Microsoft VS Code\bin;C:\Program Files\JetBrains\PhpStorm 2021.1.4\bin;C:\Program Files\JetBrains\IntelliJ IDEA 2021.2.1\bin;C:\Users\bosto\AppData\Local\Programs\Hyper\resources\bin;C:\Users\bosto\AppData\Roaming\npm;C:\Program Files (x86)\HP\Common\HPDestPlgIn\;C:\Users\bosto\AppData\Local\JetBrains\Toolbox\scripts;;C:\Users\bosto\AppData\Local\JetBrains\Toolbox\apps\Fleet\ch-0\1.9.231\app

Yarn version: 
  1.22.18

Node version: 
  16.14.2

Platform: 
  win32 x64

Trace: 
  Error: EBUSY: resource busy or locked, copyfile 'C:\Users\bosto\AppData\Local\Yarn\Cache\v6\npm-@prisma-client-4.4.0-45f59c172dd3621ecc92d7cf9bc765d85e6c7d56-integrity\node_modules\@prisma\client\LICENSE' -> 'D:\Web\prisma-schema\node_modules\@prisma\client\LICENSE'

npm manifest: 
  {
    "name": "@tr3butor-org/prisma-schema",
    "version": "1.0.0",
    "description": "private tr3butor prisma schema",
    "repository": {
      "type": "git",
      "url": "git+ssh://git@github.com/tr3butor-org/prisma-schema.git"
    },
    "author": "Oleksii Sysoiev <bostonleek@gmail.com>",
    "license": "MIT",
    "bugs": {
      "url": "https://github.com/tr3butor-org/prisma-schema/issues"
    },
    "homepage": "https://github.com/tr3butor-org/prisma-schema#readme"
  }

yarn manifest: 
  No manifest

Lockfile: 
  # THIS IS AN AUTOGENERATED FILE. DO NOT EDIT THIS FILE DIRECTLY.
  # yarn lockfile v1
